<?xml version="1.0" encoding="UTF-8"?>
<!-- Generated by org.testng.reporters.JUnitReportReporter -->
<testsuite skipped="0" hostname="LAPTOP-5N24SDH4" name="home.TestViewFields" tests="15" failures="0" timestamp="11 Jan 2018 02:57:09 GMT" time="141.086" errors="0">
  <testcase name="testViewFields03" time="7.565" classname="home.TestViewFields"/>
  <testcase name="testViewFields04" time="9.714" classname="home.TestViewFields"/>
  <testcase name="testViewFields09" time="9.810" classname="home.TestViewFields"/>
  <testcase name="testViewFields05" time="9.852" classname="home.TestViewFields"/>
  <testcase name="testViewFields07" time="8.645" classname="home.TestViewFields"/>
  <testcase name="testViewFields02" time="8.639" classname="home.TestViewFields"/>
  <testcase name="testViewFields01" time="7.164" classname="home.TestViewFields"/>
  <testcase name="testViewFields10" time="7.738" classname="home.TestViewFields"/>
  <testcase name="testViewFields06" time="12.556" classname="home.TestViewFields"/>
  <testcase name="testViewFields08" time="8.581" classname="home.TestViewFields"/>
  <testcase name="testHorizonPage11" time="9.061" classname="home.TestViewFields"/>
  <testcase name="testProviderNetwork12" time="10.304" classname="home.TestViewFields"/>
  <testcase name="testImageProviderNetwork13" time="9.775" classname="home.TestViewFields"/>
  <testcase name="testSearchProviderDirectory14" time="9.497" classname="home.TestViewFields"/>
  <testcase name="testProviderSearch15" time="12.185" classname="home.TestViewFields"/>
</testsuite> <!-- home.TestViewFields -->
